<?xml version="1.0" encoding="UTF-8"?>
<!-- Generated by org.testng.reporters.JUnitReportReporter -->
<testsuite skipped="0" hostname="AQMIT-DSK-10277" name="runner.FlightMultiCityRunner" tests="1" failures="0" timestamp="04 Aug 2022 09:56:26 GMT" time="248.320" errors="0">
  <testcase name="flightSearch" time="248.320" classname="runner.FlightMultiCityRunner"/>
</testsuite> <!-- runner.FlightMultiCityRunner -->
